[debug] [2019-01-15T09:44:29.217Z] ----------------------------------------------------------------------
[debug] [2019-01-15T09:44:29.219Z] Command:       /usr/local/bin/node /usr/local/bin/firebase deploy
[debug] [2019-01-15T09:44:29.219Z] CLI Version:   6.2.2
[debug] [2019-01-15T09:44:29.220Z] Platform:      darwin
[debug] [2019-01-15T09:44:29.220Z] Node Version:  v8.11.3
[debug] [2019-01-15T09:44:29.220Z] Time:          Tue Jan 15 2019 20:44:29 GMT+1100 (AEDT)
[debug] [2019-01-15T09:44:29.220Z] ----------------------------------------------------------------------
[debug] 
[debug] [2019-01-15T09:44:29.234Z] > command requires scopes: ["email","openid","https://www.googleapis.com/auth/cloudplatformprojects.readonly","https://www.googleapis.com/auth/firebase","https://www.googleapis.com/auth/cloud-platform"]
[debug] [2019-01-15T09:44:29.234Z] > authorizing via signed-in user
[debug] [2019-01-15T09:44:29.234Z] [iam] checking project simpson-construction for permissions ["firebase.projects.get","firebasehosting.sites.update"]
[debug] [2019-01-15T09:44:29.236Z] > refreshing access token with scopes: ["email","https://www.googleapis.com/auth/cloud-platform","https://www.googleapis.com/auth/cloudplatformprojects.readonly","https://www.googleapis.com/auth/firebase","openid"]
[debug] [2019-01-15T09:44:29.236Z] >>> HTTP REQUEST POST https://www.googleapis.com/oauth2/v3/token  
 <request body omitted>
[debug] [2019-01-15T09:44:30.115Z] <<< HTTP RESPONSE 200
[debug] [2019-01-15T09:44:30.136Z] >>> HTTP REQUEST POST https://cloudresourcemanager.googleapis.com/v1/projects/simpson-construction:testIamPermissions  

[debug] [2019-01-15T09:44:32.586Z] <<< HTTP RESPONSE 200
[debug] [2019-01-15T09:44:32.587Z] >>> HTTP REQUEST GET https://firebase.googleapis.com/v1beta1/projects/simpson-construction  
 
[debug] [2019-01-15T09:44:33.771Z] <<< HTTP RESPONSE 200
[info] 
[info] === Deploying to 'simpson-construction'...
[info] 
[info] i  deploying hosting
[debug] [2019-01-15T09:44:33.776Z] >>> HTTP REQUEST POST https://firebasehosting.googleapis.com/v1beta1/sites/simpson-construction/versions  

[debug] [2019-01-15T09:44:36.890Z] <<< HTTP RESPONSE 200
[info] i  hosting[simpson-construction]: beginning deploy...
[info] i  hosting[simpson-construction]: found 14 files in build
[debug] [2019-01-15T09:44:36.907Z] [hosting] hash cache [YnVpbGQ] load error: lines is not defined
[debug] [2019-01-15T09:44:38.126Z] [hosting] hash cache [YnVpbGQ] stored for 14 files
[debug] [2019-01-15T09:44:38.127Z] [hosting][hash queue][FINAL]
[debug] [2019-01-15T09:44:38.127Z] >>> HTTP REQUEST POST https://firebasehosting.googleapis.com/v1beta1/sites/simpson-construction/versions/4cdb4ea21ce4d9b4:populateFiles  
 <request body omitted>
[debug] [2019-01-15T09:44:41.740Z] <<< HTTP RESPONSE 200
[debug] [2019-01-15T09:44:41.745Z] [hosting][populate queue][FINAL]
[debug] [2019-01-15T09:44:41.745Z] [hosting] uploads queued: 7
